<?xml version="1.0" encoding="UTF-8"?>
<testsuite xmlns:xsi="http://www.w3.org/2001/XMLSchema-instance" xsi:noNamespaceSchemaLocation="https://maven.apache.org/surefire/maven-surefire-plugin/xsd/surefire-test-report.xsd" name="com.mycompany.test1.DateParserTest" time="0.011" tests="1" errors="0" skipped="0" failures="0">
  <properties>
    <property name="java.specification.version" value="14"/>
    <property name="sun.cpu.isalist" value="amd64"/>
    <property name="sun.jnu.encoding" value="Cp1250"/>
    <property name="java.class.path" value="C:\Users\Lukáš\Documents\NetBeansProjects\test1\target\test-classes;C:\Users\Lukáš\Documents\NetBeansProjects\test1\target\classes;C:\Users\Lukáš\.m2\repository\junit\junit\3.8.2\junit-3.8.2.jar;"/>
    <property name="java.vm.vendor" value="Oracle Corporation"/>
    <property name="sun.arch.data.model" value="64"/>
    <property name="user.variant" value=""/>
    <property name="java.vendor.url" value="https://java.oracle.com/"/>
    <property name="user.timezone" value="Europe/Prague"/>
    <property name="os.name" value="Windows 10"/>
    <property name="java.vm.specification.version" value="14"/>
    <property name="user.country" value="CZ"/>
    <property name="sun.java.launcher" value="SUN_STANDARD"/>
    <property name="sun.boot.library.path" value="C:\Program Files\Java\jdk-14\bin"/>
    <property name="sun.java.command" value="C:\Users\LUK~1\AppData\Local\Temp\surefire1996180473303333879\surefirebooter10386710910134897294.jar C:\Users\Lukáš\AppData\Local\Temp\surefire1996180473303333879 2020-06-29T12-38-09_732-jvmRun1 surefire5916888986185982304tmp surefire_09454102222639486424tmp"/>
    <property name="jdk.debug" value="release"/>
    <property name="test" value="com.mycompany.test1.DateParserTest"/>
    <property name="surefire.test.class.path" value="C:\Users\Lukáš\Documents\NetBeansProjects\test1\target\test-classes;C:\Users\Lukáš\Documents\NetBeansProjects\test1\target\classes;C:\Users\Lukáš\.m2\repository\junit\junit\3.8.2\junit-3.8.2.jar;"/>
    <property name="sun.cpu.endian" value="little"/>
    <property name="user.home" value="C:\Users\Lukáš"/>
    <property name="user.language" value="cs"/>
    <property name="java.specification.vendor" value="Oracle Corporation"/>
    <property name="java.version.date" value="2020-03-17"/>
    <property name="java.home" value="C:\Program Files\Java\jdk-14"/>
    <property name="file.separator" value="\"/>
    <property name="basedir" value="C:\Users\Lukáš\Documents\NetBeansProjects\test1"/>
    <property name="java.vm.compressedOopsMode" value="32-bit"/>
    <property name="line.separator" value="&#10;"/>
    <property name="java.vm.specification.vendor" value="Oracle Corporation"/>
    <property name="java.specification.name" value="Java Platform API Specification"/>
    <property name="surefire.real.class.path" value="C:\Users\LUK~1\AppData\Local\Temp\surefire1996180473303333879\surefirebooter10386710910134897294.jar"/>
    <property name="user.script" value=""/>
    <property name="sun.management.compiler" value="HotSpot 64-Bit Tiered Compilers"/>
    <property name="java.runtime.version" value="14+36-1461"/>
    <property name="user.name" value="Lukáš"/>
    <property name="path.separator" value=";"/>
    <property name="os.version" value="10.0"/>
    <property name="java.runtime.name" value="Java(TM) SE Runtime Environment"/>
    <property name="file.encoding" value="UTF-8"/>
    <property name="java.vm.name" value="Java HotSpot(TM) 64-Bit Server VM"/>
    <property name="maven.ext.class.path" value="C:\Program Files\NetBeans-12.0\netbeans\java\maven-nblib\netbeans-eventspy.jar;C:\Program Files\NetBeans-12.0\netbeans\java\maven-nblib\netbeans-eventspy.jar"/>
    <property name="localRepository" value="C:\Users\Lukáš\.m2\repository"/>
    <property name="java.vendor.url.bug" value="https://bugreport.java.com/bugreport/"/>
    <property name="java.io.tmpdir" value="C:\Users\LUK~1\AppData\Local\Temp\"/>
    <property name="java.version" value="14"/>
    <property name="user.dir" value="C:\Users\Lukáš\Documents\NetBeansProjects\test1"/>
    <property name="os.arch" value="amd64"/>
    <property name="java.vm.specification.name" value="Java Virtual Machine Specification"/>
    <property name="sun.os.patch.level" value=""/>
    <property name="java.library.path" value="C:\Program Files\Java\jdk-14\bin;C:\WINDOWS\Sun\Java\bin;C:\WINDOWS\system32;C:\WINDOWS;C:\Program Files\Java\jdk-14\bin;C:\Program Files\Microsoft MPI\Bin\;C:\Program Files (x86)\Common Files\Oracle\Java\javapath;C:\Program Files (x86)\Intel\iCLS Client\;C:\Program Files\Intel\iCLS Client\;C:\Windows\system32;C:\Windows;C:\Windows\System32\Wbem;C:\Windows\System32\WindowsPowerShell\v1.0\;C:\Program Files (x86)\Intel\Intel(R) Management Engine Components\DAL;C:\Program Files\Intel\Intel(R) Management Engine Components\DAL;C:\Program Files (x86)\Intel\Intel(R) Management Engine Components\IPT;C:\Program Files\Intel\Intel(R) Management Engine Components\IPT;C:\Program Files\Intel\WiFi\bin\;C:\Program Files\Common Files\Intel\WirelessCommon\;C:\WINDOWS\system32;C:\WINDOWS;C:\WINDOWS\System32\Wbem;C:\WINDOWS\System32\WindowsPowerShell\v1.0\;C:\WINDOWS\System32\OpenSSH\;C:\Program Files (x86)\Wolfram Research\WolframScript\;C:\Program Files (x86)\Microsoft SQL Server\140\Tools\Binn\;C:\Program Files\Microsoft SQL Server\140\Tools\Binn\;C:\Program Files (x86)\Microsoft SQL Server\140\DTS\Binn\;C:\Program Files\Microsoft SQL Server\140\DTS\Binn\;C:\Program Files\Microsoft SQL Server\Client SDK\ODBC\130\Tools\Binn\;C:\Program Files (x86)\Microsoft SQL Server\Client SDK\ODBC\130\Tools\Binn\;C:\Program Files (x86)\Microsoft SQL Server\140\Tools\Binn\ManagementStudio\;C:\Program Files\PuTTY\;C:\Program Files (x86)\NVIDIA Corporation\PhysX\Common;C:\JAVAFX\javafx-sdk-11.0.2\lib;C:\Program Files\NVIDIA Corporation\NVIDIA NvDLISR;D:\Lukas\Documents\vsechno\instalovane programy\Gpg4win\..\GnuPG\bin;C:\mvn\bin;C:\Program Files\Java\jdk-14\bin;C:\Program Files\MySQL\MySQL Shell 8.0\bin\;D:\Lukas\Documents\vsechno\instalovane programy\Python\Scripts\;D:\Lukas\Documents\vsechno\instalovane programy\Python\;C:\Users\Lukáš\AppData\Local\Microsoft\WindowsApps;C:\jflex-1.7.0\bin;C:\javacc-7.0.5\scripts;C:\Program Files (x86)\Java\jdk1.8.0_231\bin;C:\Program Files\Java\jdk-11.0.4\bin;;."/>
    <property name="java.vm.info" value="mixed mode, sharing"/>
    <property name="java.vendor" value="Oracle Corporation"/>
    <property name="java.vm.version" value="14+36-1461"/>
    <property name="sun.io.unicode.encoding" value="UnicodeLittle"/>
    <property name="java.class.version" value="58.0"/>
  </properties>
  <testcase name="testParse" classname="com.mycompany.test1.DateParserTest" time="0"/>
</testsuite>